<?xml version="1.0" encoding="UTF-8"?>
<testng-results ignored="0" total="1" passed="1" failed="0" skipped="0">
  <reporter-output>
  </reporter-output>
  <suite started-at="2023-04-08T15:01:20 IST" name="Default suite" finished-at="2023-04-08T15:01:42 IST" duration-ms="21918">
    <groups>
    </groups>
    <test started-at="2023-04-08T15:01:20 IST" name="Default test" finished-at="2023-04-08T15:01:42 IST" duration-ms="21918">
      <class name="Test.calculator">
        <test-method signature="calculations()[pri:0, instance:Test.calculator@149e0f5d]" started-at="2023-04-08T15:01:20 IST" name="calculations" finished-at="2023-04-08T15:01:42 IST" duration-ms="21857" status="PASS">
          <reporter-output>
          </reporter-output>
        </test-method> <!-- calculations -->
      </class> <!-- Test.calculator -->
    </test> <!-- Default test -->
  </suite> <!-- Default suite -->
</testng-results>
